<?xml version="1.0" encoding="UTF-8"?>
<testsuite xmlns:xsi="http://www.w3.org/2001/XMLSchema-instance" xsi:noNamespaceSchemaLocation="https://maven.apache.org/surefire/maven-surefire-plugin/xsd/surefire-test-report.xsd" version="3.0.2" name="com.spring.bookmanage.BookManageApplicationTests" time="2.469" tests="1" errors="0" skipped="0" failures="0">
  <properties>
[...]
</properties>
  <testcase name="contextLoads" classname="com.spring.bookmanage.BookManageApplicationTests" time="0.483">
    <system-out><![CDATA[18:34:52.784 [main] INFO org.springframework.test.context.support.AnnotationConfigContextLoaderUtils -- Could not detect default configuration classes for test class [com.spring.bookmanage.BookManageApplicationTests]: BookManageApplicationTests does not declare any static, non-private, non-final, nested classes annotated with @Configuration.
18:34:52.865 [main] INFO org.springframework.boot.test.context.SpringBootTestContextBootstrapper -- Found @SpringBootConfiguration com.spring.bookmanage.BookManageApplication for test class com.spring.bookmanage.BookManageApplicationTests

  .   ____          _            __ _ _
 /\\ / ___'_ __ _ _(_)_ __  __ _ \ \ \ \
( ( )\___ | '_ | '_| | '_ \/ _` | \ \ \ \
 \\/  ___)| |_)| | | | | || (_| |  ) ) ) )
  '  |____| .__|_| |_|_| |_\__, | / / / /
 =========|_|==============|___/=/_/_/_/

 :: Spring Boot ::                (v4.0.0)

2025-12-17T18:34:53.201+08:00  INFO 25128 --- [BookManage] [           main] c.s.b.BookManageApplicationTests         : Starting BookManageApplicationTests using Java 21.0.6 with PID 25128 (started by 47894 in D:\codeC\java-int\JDK18\bit_courseJAVA\JavaEE\BookManage)
2025-12-17T18:34:53.202+08:00  INFO 25128 --- [BookManage] [           main] c.s.b.BookManageApplicationTests         : No active profile set, falling back to 1 default profile: "default"
2025-12-17T18:34:54.574+08:00  INFO 25128 --- [BookManage] [           main] c.s.b.BookManageApplicationTests         : Started BookManageApplicationTests in 1.602 seconds (process running for 2.563)
]]></system-out>
    <system-err><![CDATA[Mockito is currently self-attaching to enable the inline-mock-maker. This will no longer work in future releases of the JDK. Please add Mockito as an agent to your build as described in Mockito's documentation: https://javadoc.io/doc/org.mockito/mockito-core/latest/org.mockito/org/mockito/Mockito.html#0.3
WARNING: A Java agent has been loaded dynamically (D:\apache-maven-3.9.9\repository\net\bytebuddy\byte-buddy-agent\1.17.8\byte-buddy-agent-1.17.8.jar)
WARNING: If a serviceability tool is in use, please run with -XX:+EnableDynamicAgentLoading to hide this warning
WARNING: If a serviceability tool is not in use, please run with -Djdk.instrument.traceUsage for more information
WARNING: Dynamic loading of agents will be disallowed by default in a future release
]]></system-err>
  </testcase>
</testsuite>